Performing C SOURCE FILE Test CMAKE_HAVE_LIBC_PTHREAD failed with the following output:
Change Dir: /home/ayumi/catkin_ws/build/CMakeFiles/CMakeTmp

Run Build Command(s):/usr/bin/make -f Makefile cmTC_618b8/fast && /usr/bin/make  -f CMakeFiles/cmTC_618b8.dir/build.make CMakeFiles/cmTC_618b8.dir/build
make[1]: ディレクトリ '/home/ayumi/catkin_ws/build/CMakeFiles/CMakeTmp' に入ります
Building C object CMakeFiles/cmTC_618b8.dir/src.c.o
/usr/bin/cc -DCMAKE_HAVE_LIBC_PTHREAD   -o CMakeFiles/cmTC_618b8.dir/src.c.o -c /home/ayumi/catkin_ws/build/CMakeFiles/CMakeTmp/src.c
Linking C executable cmTC_618b8
/opt/cmake-3.21.0-linux-x86_64/bin/cmake -E cmake_link_script CMakeFiles/cmTC_618b8.dir/link.txt --verbose=1
/usr/bin/cc -rdynamic CMakeFiles/cmTC_618b8.dir/src.c.o -o cmTC_618b8 
/usr/bin/ld: CMakeFiles/cmTC_618b8.dir/src.c.o: in function `main':
src.c:(.text+0x46): undefined reference to `pthread_create'
/usr/bin/ld: src.c:(.text+0x52): undefined reference to `pthread_detach'
/usr/bin/ld: src.c:(.text+0x5e): undefined reference to `pthread_cancel'
/usr/bin/ld: src.c:(.text+0x6f): undefined reference to `pthread_join'
collect2: error: ld returned 1 exit status
make[1]: *** [CMakeFiles/cmTC_618b8.dir/build.make:99: cmTC_618b8] エラー 1
make[1]: ディレクトリ '/home/ayumi/catkin_ws/build/CMakeFiles/CMakeTmp' から出ます
make: *** [Makefile:127: cmTC_618b8/fast] エラー 2


Source file was:
#include <pthread.h>

static void* test_func(void* data)
{
  return data;
}

int main(void)
{
  pthread_t thread;
  pthread_create(&thread, NULL, test_func, NULL);
  pthread_detach(thread);
  pthread_cancel(thread);
  pthread_join(thread, NULL);
  pthread_atfork(NULL, NULL, NULL);
  pthread_exit(NULL);

  return 0;
}

Determining if the function pthread_create exists in the pthreads failed with the following output:
Change Dir: /home/ayumi/catkin_ws/build/CMakeFiles/CMakeTmp

Run Build Command(s):/usr/bin/make -f Makefile cmTC_b1c16/fast && /usr/bin/make  -f CMakeFiles/cmTC_b1c16.dir/build.make CMakeFiles/cmTC_b1c16.dir/build
make[1]: ディレクトリ '/home/ayumi/catkin_ws/build/CMakeFiles/CMakeTmp' に入ります
Building C object CMakeFiles/cmTC_b1c16.dir/CheckFunctionExists.c.o
/usr/bin/cc   -DCHECK_FUNCTION_EXISTS=pthread_create -o CMakeFiles/cmTC_b1c16.dir/CheckFunctionExists.c.o -c /opt/cmake-3.21.0-linux-x86_64/share/cmake-3.21/Modules/CheckFunctionExists.c
Linking C executable cmTC_b1c16
/opt/cmake-3.21.0-linux-x86_64/bin/cmake -E cmake_link_script CMakeFiles/cmTC_b1c16.dir/link.txt --verbose=1
/usr/bin/cc  -DCHECK_FUNCTION_EXISTS=pthread_create -rdynamic CMakeFiles/cmTC_b1c16.dir/CheckFunctionExists.c.o -o cmTC_b1c16  -lpthreads 
/usr/bin/ld: -lpthreads が見つかりません
collect2: error: ld returned 1 exit status
make[1]: *** [CMakeFiles/cmTC_b1c16.dir/build.make:99: cmTC_b1c16] エラー 1
make[1]: ディレクトリ '/home/ayumi/catkin_ws/build/CMakeFiles/CMakeTmp' から出ます
make: *** [Makefile:127: cmTC_b1c16/fast] エラー 2



